<?xml version="1.0" encoding="UTF-8"?>
<!-- Generated by org.testng.reporters.JUnitXMLReporter -->
<testsuite hostname="Lenovo-PC" ignored="0" name="validate title Test" tests="1" failures="1" timestamp="13 Dec 2018 04:46:39 GMT" time="0.031" errors="0">
  <testcase name="validateTitle" time="0.0" classname="LearningTestNG.TestCase2">
    <failure type="java.lang.AssertionError" message="expected [gmail.com] but found [yahoo.com]">
      <![CDATA[java.lang.AssertionError: expected [gmail.com] but found [yahoo.com]
at LearningTestNG.TestCase2.validateTitle(TestCase2.java:22)
... Removed 31 stack frames]]>
    </failure>
  </testcase> <!-- validateTitle -->
</testsuite> <!-- validate title Test -->
